Build started 3/21/2022 3:20:46 AM.
     1>Project "C:\Users\ASUS\documents\visual studio 2010\Projects\VolitantGame\VolitantGame\VolitantGame.vcxproj" on node 2 (build target(s)).
     1>InitializeBuildStatus:
         Creating "Debug\VolitantGame.unsuccessfulbuild" because "AlwaysCreate" was specified.
       ClCompile:
         C:\Program Files (x86)\Microsoft Visual Studio 10.0\VC\bin\CL.exe /c /ZI /nologo /W3 /WX- /Od /Oy- /D _MBCS /Gm /EHsc /RTC1 /MDd /GS /fp:precise /Zc:wchar_t /Zc:forScope /Fo"Debug\\" /Fd"Debug\vc100.pdb" /Gd /TP /analyze- /errorReport:prompt Volitant.cpp
         Volitant.cpp
     1>c:\users\asus\documents\visual studio 2010\projects\volitantgame\volitantgame\function.h(209): warning C4101: 'temp' : unreferenced local variable
       Link:
         C:\Program Files (x86)\Microsoft Visual Studio 10.0\VC\bin\link.exe /ERRORREPORT:PROMPT /OUT:"C:\Users\ASUS\documents\visual studio 2010\Projects\VolitantGame\Debug\VolitantGame.exe" /NOLOGO kernel32.lib user32.lib gdi32.lib winspool.lib comdlg32.lib advapi32.lib shell32.lib ole32.lib oleaut32.lib uuid.lib odbc32.lib odbccp32.lib /MANIFEST /ManifestFile:"Debug\VolitantGame.exe.intermediate.manifest" /MANIFESTUAC:"level='asInvoker' uiAccess='false'" /DEBUG /PDB:"C:\Users\ASUS\documents\visual studio 2010\Projects\VolitantGame\Debug\VolitantGame.pdb" /TLBID:1 /DYNAMICBASE /NXCOMPAT /IMPLIB:"C:\Users\ASUS\documents\visual studio 2010\Projects\VolitantGame\Debug\VolitantGame.lib" /MACHINE:X86 Debug\Volitant.obj
         LINK : C:\Users\ASUS\documents\visual studio 2010\Projects\VolitantGame\Debug\VolitantGame.exe not found or not built by the last incremental link; performing full link
         VolitantGame.vcxproj -> C:\Users\ASUS\documents\visual studio 2010\Projects\VolitantGame\Debug\VolitantGame.exe
       Manifest:
         C:\Program Files (x86)\Microsoft SDKs\Windows\v7.0A\bin\mt.exe /nologo /verbose /outputresource:"C:\Users\ASUS\documents\visual studio 2010\Projects\VolitantGame\Debug\VolitantGame.exe;#1" /manifest Debug\VolitantGame.exe.intermediate.manifest
       FinalizeBuildStatus:
         Deleting file "Debug\VolitantGame.unsuccessfulbuild".
         Touching "Debug\VolitantGame.lastbuildstate".
     1>Done Building Project "C:\Users\ASUS\documents\visual studio 2010\Projects\VolitantGame\VolitantGame\VolitantGame.vcxproj" (build target(s)).

Build succeeded.

Time Elapsed 00:00:01.50
